2016-11-25 02:53:30,485 [localhost-startStop-1] WARN  c.ketayao.fensy.mvc.DispatcherFilter - 初始化action出错！class=com.ketayao.action.AbstractAction
2016-11-25 02:53:30,540 [localhost-startStop-1] INFO  com.ketayao.fensy.db.DBManager - Using DataSource : com.alibaba.druid.pool.DruidDataSource
2016-11-25 02:53:30,957 [localhost-startStop-1] INFO  com.ketayao.fensy.db.DBManager - Connected to MySQL 5.6.31
2016-11-25 02:53:36,238 [localhost-startStop-1] INFO  com.ketayao.fensy.cache.CacheManager - Using CacheProvider : com.ketayao.fensy.cache.EhCacheProvider
2016-11-25 02:53:36,337 [localhost-startStop-1] WARN  com.ketayao.system.SystemInitServlet - ======================system initialize success==========================
2016-11-25 02:53:37,338 [Timer-0] INFO  com.ketayao.search.IndexUpdater - 1 Index tasks executed finished.
2016-11-25 02:53:42,786 [localhost-startStop-1] WARN  c.ketayao.fensy.mvc.DispatcherFilter - 初始化action出错！class=com.ketayao.action.AbstractAction
2016-11-25 02:53:42,823 [localhost-startStop-1] INFO  com.ketayao.fensy.db.DBManager - Using DataSource : com.alibaba.druid.pool.DruidDataSource
2016-11-25 02:53:43,489 [localhost-startStop-1] INFO  com.ketayao.fensy.db.DBManager - Connected to MySQL 5.6.31
2016-11-25 02:53:48,699 [localhost-startStop-1] INFO  com.ketayao.fensy.cache.CacheManager - Using CacheProvider : com.ketayao.fensy.cache.EhCacheProvider
2016-11-25 02:53:48,770 [localhost-startStop-1] WARN  com.ketayao.system.SystemInitServlet - ======================system initialize success==========================
2016-11-25 02:53:49,239 [Timer-1] INFO  com.ketayao.search.IndexUpdater - 1 Index tasks executed finished.
2016-11-25 02:54:14,539 [http-bio-8880-exec-1] INFO  c.ketayao.fensy.mvc.DispatcherFilter - -->requestURI=blog/blog-read;pathView=PathView [templatePath=/WEB-INF/www/blog/blog-read.ftl, viewExt=.ftl]
2016-11-25 02:54:25,364 [http-bio-8880-exec-8] INFO  c.ketayao.fensy.mvc.DispatcherFilter - -->requestURI=blog/blog-read;pathView=PathView [templatePath=/WEB-INF/www/blog/blog-read.ftl, viewExt=.ftl]
2016-11-25 02:54:57,259 [http-bio-8880-exec-3] INFO  c.ketayao.fensy.mvc.DispatcherFilter - -->requestURI=blog/blog-read;pathView=PathView [templatePath=/WEB-INF/www/blog/blog-read.ftl, viewExt=.ftl]
2016-11-25 02:55:01,952 [http-bio-8880-exec-3] INFO  c.ketayao.fensy.mvc.DispatcherFilter - -->requestURI=blog/blog-read;pathView=PathView [templatePath=/WEB-INF/www/blog/blog-read.ftl, viewExt=.ftl]
2016-11-25 02:55:02,954 [http-bio-8880-exec-3] INFO  c.ketayao.fensy.mvc.DispatcherFilter - -->requestURI=blog/blog-read;pathView=PathView [templatePath=/WEB-INF/www/blog/blog-read.ftl, viewExt=.ftl]
2016-11-25 02:55:04,082 [http-bio-8880-exec-3] INFO  c.ketayao.fensy.mvc.DispatcherFilter - -->requestURI=blog/blog-read;pathView=PathView [templatePath=/WEB-INF/www/blog/blog-read.ftl, viewExt=.ftl]
2016-11-25 02:55:05,497 [http-bio-8880-exec-3] INFO  c.ketayao.fensy.mvc.DispatcherFilter - -->requestURI=blog/blog-read;pathView=PathView [templatePath=/WEB-INF/www/blog/blog-read.ftl, viewExt=.ftl]
2016-11-25 02:55:29,538 [localhost-startStop-1] WARN  c.ketayao.fensy.mvc.DispatcherFilter - 初始化action出错！class=com.ketayao.action.AbstractAction
2016-11-25 02:55:29,597 [localhost-startStop-1] INFO  com.ketayao.fensy.db.DBManager - Using DataSource : com.alibaba.druid.pool.DruidDataSource
2016-11-25 02:55:30,165 [localhost-startStop-1] INFO  com.ketayao.fensy.db.DBManager - Connected to MySQL 5.6.31
2016-11-25 02:55:35,498 [localhost-startStop-1] INFO  com.ketayao.fensy.cache.CacheManager - Using CacheProvider : com.ketayao.fensy.cache.EhCacheProvider
2016-11-25 02:55:35,600 [localhost-startStop-1] WARN  com.ketayao.system.SystemInitServlet - ======================system initialize success==========================
2016-11-25 02:55:36,688 [Timer-0] INFO  com.ketayao.search.IndexUpdater - 1 Index tasks executed finished.
2016-11-25 02:55:42,020 [localhost-startStop-1] WARN  c.ketayao.fensy.mvc.DispatcherFilter - 初始化action出错！class=com.ketayao.action.AbstractAction
2016-11-25 02:55:42,059 [localhost-startStop-1] INFO  com.ketayao.fensy.db.DBManager - Using DataSource : com.alibaba.druid.pool.DruidDataSource
2016-11-25 02:55:42,469 [localhost-startStop-1] INFO  com.ketayao.fensy.db.DBManager - Connected to MySQL 5.6.31
2016-11-25 02:55:48,168 [localhost-startStop-1] INFO  com.ketayao.fensy.cache.CacheManager - Using CacheProvider : com.ketayao.fensy.cache.EhCacheProvider
2016-11-25 02:55:48,283 [localhost-startStop-1] WARN  com.ketayao.system.SystemInitServlet - ======================system initialize success==========================
2016-11-25 02:55:48,977 [Timer-1] INFO  com.ketayao.search.IndexUpdater - 1 Index tasks executed finished.
2016-11-25 02:56:00,115 [http-bio-8880-exec-1] INFO  c.ketayao.fensy.mvc.DispatcherFilter - -->requestURI=blog/blog-read;pathView=PathView [templatePath=/WEB-INF/www/blog/blog-read.ftl, viewExt=.ftl]
2016-11-25 02:56:03,700 [http-bio-8880-exec-6] INFO  c.ketayao.fensy.mvc.DispatcherFilter - -->requestURI=blog/blog-read;pathView=PathView [templatePath=/WEB-INF/www/blog/blog-read.ftl, viewExt=.ftl]
2016-11-25 02:56:11,134 [http-bio-8880-exec-7] INFO  c.ketayao.fensy.mvc.DispatcherFilter - -->requestURI=blog/blog-read;pathView=PathView [templatePath=/WEB-INF/www/blog/blog-read.ftl, viewExt=.ftl]
2016-11-25 02:56:15,171 [http-bio-8880-exec-8] INFO  c.ketayao.fensy.mvc.DispatcherFilter - -->requestURI=blog/blog-read;pathView=PathView [templatePath=/WEB-INF/www/blog/blog-read.ftl, viewExt=.ftl]
2016-11-25 02:56:18,396 [http-bio-8880-exec-9] INFO  c.ketayao.fensy.mvc.DispatcherFilter - -->requestURI=blog/blog-read;pathView=PathView [templatePath=/WEB-INF/www/blog/blog-read.ftl, viewExt=.ftl]
2016-11-25 02:56:26,046 [http-bio-8880-exec-10] INFO  c.ketayao.fensy.mvc.DispatcherFilter - -->requestURI=blog/blog-read;pathView=PathView [templatePath=/WEB-INF/www/blog/blog-read.ftl, viewExt=.ftl]
2016-11-25 02:56:28,276 [http-bio-8880-exec-10] INFO  c.ketayao.fensy.mvc.DispatcherFilter - -->requestURI=blog/blog-read;pathView=PathView [templatePath=/WEB-INF/www/blog/blog-read.ftl, viewExt=.ftl]
2016-11-25 02:56:29,158 [http-bio-8880-exec-10] INFO  c.ketayao.fensy.mvc.DispatcherFilter - -->requestURI=blog/blog-read;pathView=PathView [templatePath=/WEB-INF/www/blog/blog-read.ftl, viewExt=.ftl]
2016-11-25 02:56:29,959 [http-bio-8880-exec-10] INFO  c.ketayao.fensy.mvc.DispatcherFilter - -->requestURI=blog/blog-read;pathView=PathView [templatePath=/WEB-INF/www/blog/blog-read.ftl, viewExt=.ftl]
2016-11-25 02:56:30,815 [http-bio-8880-exec-10] INFO  c.ketayao.fensy.mvc.DispatcherFilter - -->requestURI=blog/blog-read;pathView=PathView [templatePath=/WEB-INF/www/blog/blog-read.ftl, viewExt=.ftl]
2016-11-25 02:56:31,705 [http-bio-8880-exec-10] INFO  c.ketayao.fensy.mvc.DispatcherFilter - -->requestURI=blog/blog-read;pathView=PathView [templatePath=/WEB-INF/www/blog/blog-read.ftl, viewExt=.ftl]
2016-11-25 03:01:04,702 [http-bio-8880-exec-7] INFO  c.ketayao.fensy.mvc.DispatcherFilter - -->requestURI=blog/blog-read;pathView=PathView [templatePath=/WEB-INF/www/blog/blog-read.ftl, viewExt=.ftl]
2016-11-25 03:01:26,295 [http-bio-8880-exec-9] INFO  c.ketayao.fensy.mvc.DispatcherFilter - -->requestURI=blog/blog-read;pathView=PathView [templatePath=/WEB-INF/www/blog/blog-read.ftl, viewExt=.ftl]
2016-11-25 03:01:40,312 [http-bio-8880-exec-9] INFO  c.ketayao.fensy.mvc.DispatcherFilter - -->requestURI=blog/blog-read;pathView=PathView [templatePath=/WEB-INF/www/blog/blog-read.ftl, viewExt=.ftl]
2016-11-25 03:01:41,862 [http-bio-8880-exec-9] INFO  c.ketayao.fensy.mvc.DispatcherFilter - -->requestURI=blog/blog-read;pathView=PathView [templatePath=/WEB-INF/www/blog/blog-read.ftl, viewExt=.ftl]
2016-11-25 03:01:43,848 [http-bio-8880-exec-9] INFO  c.ketayao.fensy.mvc.DispatcherFilter - -->requestURI=blog/blog-read;pathView=PathView [templatePath=/WEB-INF/www/blog/blog-read.ftl, viewExt=.ftl]
2016-11-25 03:01:44,408 [http-bio-8880-exec-9] INFO  c.ketayao.fensy.mvc.DispatcherFilter - -->requestURI=blog/blog-read;pathView=PathView [templatePath=/WEB-INF/www/blog/blog-read.ftl, viewExt=.ftl]
2016-11-25 03:01:44,955 [http-bio-8880-exec-9] INFO  c.ketayao.fensy.mvc.DispatcherFilter - -->requestURI=blog/blog-read;pathView=PathView [templatePath=/WEB-INF/www/blog/blog-read.ftl, viewExt=.ftl]
2016-11-25 03:01:45,533 [http-bio-8880-exec-9] INFO  c.ketayao.fensy.mvc.DispatcherFilter - -->requestURI=blog/blog-read;pathView=PathView [templatePath=/WEB-INF/www/blog/blog-read.ftl, viewExt=.ftl]
2016-11-25 03:01:46,172 [http-bio-8880-exec-9] INFO  c.ketayao.fensy.mvc.DispatcherFilter - -->requestURI=blog/blog-read;pathView=PathView [templatePath=/WEB-INF/www/blog/blog-read.ftl, viewExt=.ftl]
2016-11-25 03:01:46,807 [http-bio-8880-exec-9] INFO  c.ketayao.fensy.mvc.DispatcherFilter - -->requestURI=blog/blog-read;pathView=PathView [templatePath=/WEB-INF/www/blog/blog-read.ftl, viewExt=.ftl]
2016-11-25 03:07:20,491 [http-bio-8880-exec-5] INFO  c.ketayao.fensy.mvc.DispatcherFilter - -->requestURI=blog/blog-read;pathView=PathView [templatePath=/WEB-INF/www/blog/blog-read.ftl, viewExt=.ftl]
2016-11-25 03:07:22,076 [http-bio-8880-exec-5] INFO  c.ketayao.fensy.mvc.DispatcherFilter - -->requestURI=blog/blog-read;pathView=PathView [templatePath=/WEB-INF/www/blog/blog-read.ftl, viewExt=.ftl]
2016-11-25 03:07:22,638 [http-bio-8880-exec-5] INFO  c.ketayao.fensy.mvc.DispatcherFilter - -->requestURI=blog/blog-read;pathView=PathView [templatePath=/WEB-INF/www/blog/blog-read.ftl, viewExt=.ftl]
2016-11-25 03:07:23,791 [http-bio-8880-exec-5] INFO  c.ketayao.fensy.mvc.DispatcherFilter - -->requestURI=blog/blog-read;pathView=PathView [templatePath=/WEB-INF/www/blog/blog-read.ftl, viewExt=.ftl]
2016-11-25 03:07:26,893 [http-bio-8880-exec-5] INFO  c.ketayao.fensy.mvc.DispatcherFilter - -->requestURI=blog/blog-read;pathView=PathView [templatePath=/WEB-INF/www/blog/blog-read.ftl, viewExt=.ftl]
2016-11-25 03:07:28,108 [http-bio-8880-exec-5] INFO  c.ketayao.fensy.mvc.DispatcherFilter - -->requestURI=blog/blog-read;pathView=PathView [templatePath=/WEB-INF/www/blog/blog-read.ftl, viewExt=.ftl]
2016-11-25 03:12:15,017 [localhost-startStop-1] WARN  c.ketayao.fensy.mvc.DispatcherFilter - 初始化action出错！class=com.ketayao.action.AbstractAction
2016-11-25 03:12:15,085 [localhost-startStop-1] INFO  com.ketayao.fensy.db.DBManager - Using DataSource : com.alibaba.druid.pool.DruidDataSource
2016-11-25 03:12:15,593 [localhost-startStop-1] INFO  com.ketayao.fensy.db.DBManager - Connected to MySQL 5.6.31
2016-11-25 03:12:20,894 [localhost-startStop-1] INFO  com.ketayao.fensy.cache.CacheManager - Using CacheProvider : com.ketayao.fensy.cache.EhCacheProvider
2016-11-25 03:12:20,963 [localhost-startStop-1] WARN  com.ketayao.system.SystemInitServlet - ======================system initialize success==========================
2016-11-25 03:12:26,967 [localhost-startStop-1] WARN  c.ketayao.fensy.mvc.DispatcherFilter - 初始化action出错！class=com.ketayao.action.AbstractAction
2016-11-25 03:12:27,008 [localhost-startStop-1] INFO  com.ketayao.fensy.db.DBManager - Using DataSource : com.alibaba.druid.pool.DruidDataSource
2016-11-25 03:12:27,395 [localhost-startStop-1] INFO  com.ketayao.fensy.db.DBManager - Connected to MySQL 5.6.31
2016-11-25 03:12:32,641 [localhost-startStop-1] INFO  com.ketayao.fensy.cache.CacheManager - Using CacheProvider : com.ketayao.fensy.cache.EhCacheProvider
2016-11-25 03:12:32,709 [localhost-startStop-1] WARN  com.ketayao.system.SystemInitServlet - ======================system initialize success==========================
2016-11-25 03:12:33,435 [http-bio-8880-exec-1] INFO  c.ketayao.fensy.mvc.DispatcherFilter - -->requestURI=blog/blog-read;pathView=PathView [templatePath=/WEB-INF/www/blog/blog-read.ftl, viewExt=.ftl]
2016-11-25 03:13:21,526 [http-bio-8880-exec-6] INFO  c.ketayao.fensy.mvc.DispatcherFilter - -->requestURI=blog/blog-read;pathView=PathView [templatePath=/WEB-INF/www/blog/blog-read.ftl, viewExt=.ftl]
2016-11-25 03:19:26,785 [localhost-startStop-1] WARN  c.ketayao.fensy.mvc.DispatcherFilter - 初始化action出错！class=com.ketayao.action.AbstractAction
2016-11-25 03:19:26,840 [localhost-startStop-1] INFO  com.ketayao.fensy.db.DBManager - Using DataSource : com.alibaba.druid.pool.DruidDataSource
2016-11-25 03:19:27,315 [localhost-startStop-1] INFO  com.ketayao.fensy.db.DBManager - Connected to MySQL 5.6.31
2016-11-25 03:19:32,588 [localhost-startStop-1] INFO  com.ketayao.fensy.cache.CacheManager - Using CacheProvider : com.ketayao.fensy.cache.EhCacheProvider
2016-11-25 03:19:32,682 [localhost-startStop-1] WARN  com.ketayao.system.SystemInitServlet - ======================system initialize success==========================
2016-11-25 03:19:38,557 [localhost-startStop-1] WARN  c.ketayao.fensy.mvc.DispatcherFilter - 初始化action出错！class=com.ketayao.action.AbstractAction
2016-11-25 03:19:38,587 [localhost-startStop-1] INFO  com.ketayao.fensy.db.DBManager - Using DataSource : com.alibaba.druid.pool.DruidDataSource
2016-11-25 03:19:38,892 [localhost-startStop-1] INFO  com.ketayao.fensy.db.DBManager - Connected to MySQL 5.6.31
2016-11-25 03:19:44,111 [localhost-startStop-1] INFO  com.ketayao.fensy.cache.CacheManager - Using CacheProvider : com.ketayao.fensy.cache.EhCacheProvider
2016-11-25 03:19:44,176 [localhost-startStop-1] WARN  com.ketayao.system.SystemInitServlet - ======================system initialize success==========================
2016-11-25 03:19:44,928 [http-bio-8880-exec-1] INFO  c.ketayao.fensy.mvc.DispatcherFilter - -->requestURI=blog/blog-read;pathView=PathView [templatePath=/WEB-INF/www/blog/blog-read.ftl, viewExt=.ftl]
2016-11-25 03:19:44,931 [http-bio-8880-exec-2] INFO  c.ketayao.fensy.mvc.DispatcherFilter - -->requestURI=blog/blog-read;pathView=PathView [templatePath=/WEB-INF/www/blog/blog-read.ftl, viewExt=.ftl]
2016-11-25 03:20:02,017 [http-bio-8880-exec-6] INFO  c.ketayao.fensy.mvc.DispatcherFilter - -->requestURI=blog/blog-read;pathView=PathView [templatePath=/WEB-INF/www/blog/blog-read.ftl, viewExt=.ftl]
2016-11-25 03:22:34,161 [http-bio-8880-exec-8] INFO  c.ketayao.fensy.mvc.DispatcherFilter - -->requestURI=blog/blog-read;pathView=PathView [templatePath=/WEB-INF/www/blog/blog-read.ftl, viewExt=.ftl]
2016-11-25 03:22:36,494 [http-bio-8880-exec-7] INFO  c.ketayao.fensy.mvc.DispatcherFilter - -->requestURI=blog/blog-read;pathView=PathView [templatePath=/WEB-INF/www/blog/blog-read.ftl, viewExt=.ftl]
2016-11-25 03:22:38,066 [http-bio-8880-exec-7] INFO  c.ketayao.fensy.mvc.DispatcherFilter - -->requestURI=blog/blog-read;pathView=PathView [templatePath=/WEB-INF/www/blog/blog-read.ftl, viewExt=.ftl]
2016-11-25 03:22:40,988 [http-bio-8880-exec-7] INFO  c.ketayao.fensy.mvc.DispatcherFilter - -->requestURI=blog/blog-read;pathView=PathView [templatePath=/WEB-INF/www/blog/blog-read.ftl, viewExt=.ftl]
2016-11-25 03:35:16,004 [localhost-startStop-1] WARN  c.ketayao.fensy.mvc.DispatcherFilter - 初始化action出错！class=com.ketayao.action.AbstractAction
2016-11-25 03:35:16,064 [localhost-startStop-1] INFO  com.ketayao.fensy.db.DBManager - Using DataSource : com.alibaba.druid.pool.DruidDataSource
2016-11-25 03:35:16,793 [localhost-startStop-1] INFO  com.ketayao.fensy.db.DBManager - Connected to MySQL 5.6.31
2016-11-25 03:35:22,255 [localhost-startStop-1] INFO  com.ketayao.fensy.cache.CacheManager - Using CacheProvider : com.ketayao.fensy.cache.EhCacheProvider
2016-11-25 03:35:22,339 [localhost-startStop-1] WARN  com.ketayao.system.SystemInitServlet - ======================system initialize success==========================
2016-11-25 03:35:28,372 [localhost-startStop-1] WARN  c.ketayao.fensy.mvc.DispatcherFilter - 初始化action出错！class=com.ketayao.action.AbstractAction
2016-11-25 03:35:28,416 [localhost-startStop-1] INFO  com.ketayao.fensy.db.DBManager - Using DataSource : com.alibaba.druid.pool.DruidDataSource
2016-11-25 03:35:28,749 [localhost-startStop-1] INFO  com.ketayao.fensy.db.DBManager - Connected to MySQL 5.6.31
2016-11-25 03:35:33,996 [localhost-startStop-1] INFO  com.ketayao.fensy.cache.CacheManager - Using CacheProvider : com.ketayao.fensy.cache.EhCacheProvider
2016-11-25 03:35:34,079 [localhost-startStop-1] WARN  com.ketayao.system.SystemInitServlet - ======================system initialize success==========================
2016-11-25 03:35:53,659 [http-bio-8880-exec-1] INFO  c.ketayao.fensy.mvc.DispatcherFilter - -->requestURI=blog/blog-read;pathView=PathView [templatePath=/WEB-INF/www/blog/blog-read.ftl, viewExt=.ftl]
2016-11-25 03:37:22,808 [localhost-startStop-1] WARN  c.ketayao.fensy.mvc.DispatcherFilter - 初始化action出错！class=com.ketayao.action.AbstractAction
2016-11-25 03:37:22,885 [localhost-startStop-1] INFO  com.ketayao.fensy.db.DBManager - Using DataSource : com.alibaba.druid.pool.DruidDataSource
2016-11-25 03:37:23,724 [localhost-startStop-1] INFO  com.ketayao.fensy.db.DBManager - Connected to MySQL 5.6.31
2016-11-25 03:37:29,229 [localhost-startStop-1] INFO  com.ketayao.fensy.cache.CacheManager - Using CacheProvider : com.ketayao.fensy.cache.EhCacheProvider
2016-11-25 03:37:29,370 [localhost-startStop-1] WARN  com.ketayao.system.SystemInitServlet - ======================system initialize success==========================
2016-11-25 03:37:36,038 [localhost-startStop-1] WARN  c.ketayao.fensy.mvc.DispatcherFilter - 初始化action出错！class=com.ketayao.action.AbstractAction
2016-11-25 03:37:36,102 [localhost-startStop-1] INFO  com.ketayao.fensy.db.DBManager - Using DataSource : com.alibaba.druid.pool.DruidDataSource
2016-11-25 03:37:36,491 [localhost-startStop-1] INFO  com.ketayao.fensy.db.DBManager - Connected to MySQL 5.6.31
2016-11-25 03:37:41,813 [localhost-startStop-1] INFO  com.ketayao.fensy.cache.CacheManager - Using CacheProvider : com.ketayao.fensy.cache.EhCacheProvider
2016-11-25 03:37:41,954 [localhost-startStop-1] WARN  com.ketayao.system.SystemInitServlet - ======================system initialize success==========================
2016-11-25 03:37:48,483 [http-bio-8880-exec-1] INFO  c.ketayao.fensy.mvc.DispatcherFilter - -->requestURI=blog/blog-read;pathView=PathView [templatePath=/WEB-INF/www/blog/blog-read.ftl, viewExt=.ftl]
2016-11-25 03:38:00,883 [http-bio-8880-exec-9] ERROR com.ketayao.pojo.Article - idString:64,63
2016-11-25 03:38:00,885 [http-bio-8880-exec-9] INFO  com.ketayao.pojo.Article - trash = 0 AND status = 'publish' AND id in (?) ORDER BY id DESC
2016-11-25 03:38:00,905 [http-bio-8880-exec-9] INFO  c.ketayao.fensy.mvc.DispatcherFilter - -->requestURI=blog/blog-read;pathView=PathView [templatePath=/WEB-INF/www/blog/blog-read.ftl, viewExt=.ftl]
2016-11-25 03:50:51,012 [localhost-startStop-1] WARN  c.ketayao.fensy.mvc.DispatcherFilter - 初始化action出错！class=com.ketayao.action.AbstractAction
2016-11-25 03:50:51,068 [localhost-startStop-1] INFO  com.ketayao.fensy.db.DBManager - Using DataSource : com.alibaba.druid.pool.DruidDataSource
2016-11-25 03:50:51,546 [localhost-startStop-1] INFO  com.ketayao.fensy.db.DBManager - Connected to MySQL 5.6.31
2016-11-25 03:50:56,852 [localhost-startStop-1] INFO  com.ketayao.fensy.cache.CacheManager - Using CacheProvider : com.ketayao.fensy.cache.EhCacheProvider
2016-11-25 03:50:56,942 [localhost-startStop-1] WARN  com.ketayao.system.SystemInitServlet - ======================system initialize success==========================
2016-11-25 03:51:02,873 [localhost-startStop-1] WARN  c.ketayao.fensy.mvc.DispatcherFilter - 初始化action出错！class=com.ketayao.action.AbstractAction
2016-11-25 03:51:02,907 [localhost-startStop-1] INFO  com.ketayao.fensy.db.DBManager - Using DataSource : com.alibaba.druid.pool.DruidDataSource
2016-11-25 03:51:03,227 [localhost-startStop-1] INFO  com.ketayao.fensy.db.DBManager - Connected to MySQL 5.6.31
2016-11-25 03:51:08,478 [localhost-startStop-1] INFO  com.ketayao.fensy.cache.CacheManager - Using CacheProvider : com.ketayao.fensy.cache.EhCacheProvider
2016-11-25 03:51:08,572 [localhost-startStop-1] WARN  com.ketayao.system.SystemInitServlet - ======================system initialize success==========================
2016-11-25 03:51:22,113 [http-bio-8880-exec-1] INFO  c.ketayao.fensy.mvc.DispatcherFilter - -->requestURI=blog/blog-read;pathView=PathView [templatePath=/WEB-INF/www/blog/blog-read.ftl, viewExt=.ftl]
2016-11-25 03:51:40,097 [http-bio-8880-exec-12] ERROR com.ketayao.pojo.Article - idString:64,63
2016-11-25 03:51:40,098 [http-bio-8880-exec-12] INFO  com.ketayao.pojo.Article - trash = 0 AND status = 'publish' AND id in (?) ORDER BY id DESC
2016-11-25 03:51:40,100 [http-bio-8880-exec-12] INFO  com.ketayao.pojo.Article - idssize:1
2016-11-25 03:51:40,101 [http-bio-8880-exec-12] INFO  com.ketayao.pojo.Article - index:0
2016-11-25 03:51:40,101 [http-bio-8880-exec-12] INFO  com.ketayao.pojo.Article - endindex:1
2016-11-25 03:51:40,101 [http-bio-8880-exec-12] INFO  com.ketayao.pojo.Article - list:[Article [title=nvjk, content=sad, keywords=java, summary=nvkfn, status=publish]]
2016-11-25 03:51:40,121 [http-bio-8880-exec-12] INFO  c.ketayao.fensy.mvc.DispatcherFilter - -->requestURI=blog/blog-read;pathView=PathView [templatePath=/WEB-INF/www/blog/blog-read.ftl, viewExt=.ftl]
2016-11-25 03:57:01,052 [http-bio-8880-exec-1] INFO  c.ketayao.fensy.mvc.DispatcherFilter - -->requestURI=blog/blog-view;pathView=PathView [templatePath=/WEB-INF/www/blog/blog-view.ftl, viewExt=.ftl]
2016-11-25 03:57:01,148 [http-bio-8880-exec-9] WARN  c.k.fensy.cache.EhCacheProvider - Could not find configuration [session]; using defaults.
2016-11-25 03:57:05,343 [http-bio-8880-exec-9] ERROR c.k.f.handler.SimpleExceptionHandler - java.lang.Exception: org.apache.catalina.connector.ClientAbortException: java.net.SocketException: Broken pipe
	at com.ketayao.fensy.mvc.DispatcherFilter.process(DispatcherFilter.java:377)
	at com.ketayao.fensy.mvc.DispatcherFilter.doFilter(DispatcherFilter.java:243)
	at org.apache.catalina.core.ApplicationFilterChain.internalDoFilter(ApplicationFilterChain.java:241)
	at org.apache.catalina.core.ApplicationFilterChain.doFilter(ApplicationFilterChain.java:208)
	at com.alibaba.druid.support.http.WebStatFilter.doFilter(WebStatFilter.java:123)
	at org.apache.catalina.core.ApplicationFilterChain.internalDoFilter(ApplicationFilterChain.java:241)
	at org.apache.catalina.core.ApplicationFilterChain.doFilter(ApplicationFilterChain.java:208)
	at org.apache.catalina.core.StandardWrapperValve.invoke(StandardWrapperValve.java:218)
	at org.apache.catalina.core.StandardContextValve.invoke(StandardContextValve.java:122)
	at org.apache.catalina.authenticator.AuthenticatorBase.invoke(AuthenticatorBase.java:505)
	at org.apache.catalina.core.StandardHostValve.invoke(StandardHostValve.java:169)
	at org.apache.catalina.valves.ErrorReportValve.invoke(ErrorReportValve.java:103)
	at org.apache.catalina.valves.AccessLogValve.invoke(AccessLogValve.java:956)
	at org.apache.catalina.core.StandardEngineValve.invoke(StandardEngineValve.java:116)
	at org.apache.catalina.connector.CoyoteAdapter.service(CoyoteAdapter.java:442)
	at org.apache.coyote.http11.AbstractHttp11Processor.process(AbstractHttp11Processor.java:1082)
	at org.apache.coyote.AbstractProtocol$AbstractConnectionHandler.process(AbstractProtocol.java:623)
	at org.apache.tomcat.util.net.JIoEndpoint$SocketProcessor.run(JIoEndpoint.java:316)
	at java.util.concurrent.ThreadPoolExecutor.runWorker(ThreadPoolExecutor.java:1142)
	at java.util.concurrent.ThreadPoolExecutor$Worker.run(ThreadPoolExecutor.java:617)
	at org.apache.tomcat.util.threads.TaskThread$WrappingRunnable.run(TaskThread.java:61)
	at java.lang.Thread.run(Thread.java:745)
Caused by: org.apache.catalina.connector.ClientAbortException: java.net.SocketException: Broken pipe
	at org.apache.catalina.connector.OutputBuffer.doFlush(OutputBuffer.java:370)
	at org.apache.catalina.connector.OutputBuffer.flush(OutputBuffer.java:334)
	at org.apache.catalina.connector.CoyoteOutputStream.flush(CoyoteOutputStream.java:101)
	at javax.imageio.stream.FileCacheImageOutputStream.close(FileCacheImageOutputStream.java:238)
	at javax.imageio.ImageIO.write(ImageIO.java:1580)
	at com.ketayao.fensy.webutil.ImageCaptchaService._render(ImageCaptchaService.java:120)
	at com.ketayao.fensy.webutil.ImageCaptchaService.get(ImageCaptchaService.java:49)
	at com.ketayao.action.ImageCaptchaAction.index(ImageCaptchaAction.java:30)
	at sun.reflect.NativeMethodAccessorImpl.invoke0(Native Method)
	at sun.reflect.NativeMethodAccessorImpl.invoke(NativeMethodAccessorImpl.java:62)
	at sun.reflect.DelegatingMethodAccessorImpl.invoke(DelegatingMethodAccessorImpl.java:43)
	at java.lang.reflect.Method.invoke(Method.java:498)
	at com.ketayao.fensy.mvc.DispatcherFilter.process(DispatcherFilter.java:347)
	... 21 more
Caused by: java.net.SocketException: Broken pipe
	at java.net.SocketOutputStream.socketWrite0(Native Method)
	at java.net.SocketOutputStream.socketWrite(SocketOutputStream.java:109)
	at java.net.SocketOutputStream.write(SocketOutputStream.java:153)
	at org.apache.coyote.http11.InternalOutputBuffer.realWriteBytes(InternalOutputBuffer.java:215)
	at org.apache.tomcat.util.buf.ByteChunk.flushBuffer(ByteChunk.java:480)
	at org.apache.coyote.http11.InternalOutputBuffer.flush(InternalOutputBuffer.java:119)
	at org.apache.coyote.http11.AbstractHttp11Processor.action(AbstractHttp11Processor.java:800)
	at org.apache.coyote.Response.action(Response.java:172)
	at org.apache.catalina.connector.OutputBuffer.doFlush(OutputBuffer.java:366)
	... 33 more

2016-11-25 03:58:49,060 [Timer-1] INFO  com.ketayao.search.IndexUpdater - 1 Index tasks executed finished.
2016-11-25 04:00:35,781 [Timer-0] INFO  com.ketayao.search.IndexUpdater - 1 Index tasks executed finished.
2016-11-25 04:00:48,440 [Timer-1] INFO  com.ketayao.search.IndexUpdater - 1 Index tasks executed finished.
2016-11-25 04:00:57,718 [Timer-0] INFO  com.ketayao.search.IndexUpdater - 1 Index tasks executed finished.
2016-11-25 04:01:09,160 [Timer-1] INFO  com.ketayao.search.IndexUpdater - 1 Index tasks executed finished.
2016-11-25 04:13:46,350 [localhost-startStop-1] WARN  c.ketayao.fensy.mvc.DispatcherFilter - 初始化action出错！class=com.ketayao.action.AbstractAction
2016-11-25 04:13:46,393 [localhost-startStop-1] INFO  com.ketayao.fensy.db.DBManager - Using DataSource : com.alibaba.druid.pool.DruidDataSource
2016-11-25 04:13:46,906 [localhost-startStop-1] INFO  com.ketayao.fensy.db.DBManager - Connected to MySQL 5.6.31
2016-11-25 04:13:52,180 [localhost-startStop-1] INFO  com.ketayao.fensy.cache.CacheManager - Using CacheProvider : com.ketayao.fensy.cache.EhCacheProvider
2016-11-25 04:13:52,252 [localhost-startStop-1] WARN  com.ketayao.system.SystemInitServlet - ======================system initialize success==========================
2016-11-25 04:13:58,226 [localhost-startStop-1] WARN  c.ketayao.fensy.mvc.DispatcherFilter - 初始化action出错！class=com.ketayao.action.AbstractAction
2016-11-25 04:13:58,259 [localhost-startStop-1] INFO  com.ketayao.fensy.db.DBManager - Using DataSource : com.alibaba.druid.pool.DruidDataSource
2016-11-25 04:13:58,586 [localhost-startStop-1] INFO  com.ketayao.fensy.db.DBManager - Connected to MySQL 5.6.31
2016-11-25 04:14:03,824 [localhost-startStop-1] INFO  com.ketayao.fensy.cache.CacheManager - Using CacheProvider : com.ketayao.fensy.cache.EhCacheProvider
2016-11-25 04:14:03,899 [localhost-startStop-1] WARN  com.ketayao.system.SystemInitServlet - ======================system initialize success==========================
2016-11-25 04:14:04,641 [http-bio-8880-exec-2] INFO  c.ketayao.fensy.mvc.DispatcherFilter - -->requestURI=blog/blog-read;pathView=PathView [templatePath=/WEB-INF/www/blog/blog-read.ftl, viewExt=.ftl]
2016-11-25 04:14:04,655 [http-bio-8880-exec-1] INFO  c.ketayao.fensy.mvc.DispatcherFilter - -->requestURI=blog/blog-read;pathView=PathView [templatePath=/WEB-INF/www/blog/blog-read.ftl, viewExt=.ftl]
2016-11-25 04:14:18,825 [http-bio-8880-exec-10] ERROR com.ketayao.pojo.Article - idString:64,63
2016-11-25 04:14:18,826 [http-bio-8880-exec-10] INFO  com.ketayao.pojo.Article - trash = 0 AND status = 'publish' AND id in (?) ORDER BY id DESC
2016-11-25 04:14:18,829 [http-bio-8880-exec-10] INFO  com.ketayao.pojo.Article - idssize:2
2016-11-25 04:14:18,829 [http-bio-8880-exec-10] INFO  com.ketayao.pojo.Article - index:0
2016-11-25 04:14:18,829 [http-bio-8880-exec-10] INFO  com.ketayao.pojo.Article - endindex:2
2016-11-25 04:14:18,830 [http-bio-8880-exec-10] INFO  com.ketayao.pojo.Article - list:[Article [title=nvjk, content=sad, keywords=java, summary=nvkfn, status=publish], Article [title=第一篇, content=第一篇博客。。, keywords=java , summary=撒村都是, status=publish]]
2016-11-25 04:14:18,846 [http-bio-8880-exec-10] INFO  c.ketayao.fensy.mvc.DispatcherFilter - -->requestURI=blog/blog-read;pathView=PathView [templatePath=/WEB-INF/www/blog/blog-read.ftl, viewExt=.ftl]
2016-11-25 04:14:23,347 [http-bio-8880-exec-10] ERROR com.ketayao.pojo.Article - idString:64,63
2016-11-25 04:14:23,347 [http-bio-8880-exec-10] INFO  com.ketayao.pojo.Article - trash = 0 AND status = 'publish' AND id in (?) ORDER BY id DESC
2016-11-25 04:14:23,350 [http-bio-8880-exec-10] INFO  com.ketayao.pojo.Article - idssize:2
2016-11-25 04:14:23,350 [http-bio-8880-exec-10] INFO  com.ketayao.pojo.Article - index:0
2016-11-25 04:14:23,350 [http-bio-8880-exec-10] INFO  com.ketayao.pojo.Article - endindex:2
2016-11-25 04:14:23,350 [http-bio-8880-exec-10] INFO  com.ketayao.pojo.Article - list:[Article [title=nvjk, content=sad, keywords=java, summary=nvkfn, status=publish], Article [title=第一篇, content=第一篇博客。。, keywords=java , summary=撒村都是, status=publish]]
2016-11-25 04:14:23,364 [http-bio-8880-exec-10] INFO  c.ketayao.fensy.mvc.DispatcherFilter - -->requestURI=blog/blog-read;pathView=PathView [templatePath=/WEB-INF/www/blog/blog-read.ftl, viewExt=.ftl]
